2023-12-26 13:57:18 INFO 22888|runtime|element not found|NA|Muchachos, la película de la gente|https://www.themoviedb.org/movie/1206029
2023-12-26 13:58:00 INFO 22888|runtime|element not found|NA|Kung Fu Panda 4|https://www.themoviedb.org/movie/1011985
2023-12-26 13:58:10 INFO 22888|runtime|element not found|NA|Tequila Re-Pasado|https://www.themoviedb.org/movie/736554
2023-12-26 13:58:22 INFO 22888|runtime|element not found|NA|Godzilla x Kong: The New Empire|https://www.themoviedb.org/movie/823464
2023-12-26 13:58:36 INFO 22888|runtime|element not found|NA|Rebel Moon - Part Two: The Scargiver|https://www.themoviedb.org/movie/934632
2023-12-26 13:58:39 INFO 22888|runtime|element not found|NA|Inside Out 2|https://www.themoviedb.org/movie/1022789
2023-12-26 13:59:31 INFO 22888|runtime|element not found|NA|Hui Buh and the Witch's Castle|https://www.themoviedb.org/movie/754158
2023-12-26 13:59:47 INFO 22888|runtime|element not found|NA|Skydog|https://www.themoviedb.org/movie/755401
2023-12-26 14:00:18 INFO 22888|runtime|element not found|NA|Rewind|https://www.themoviedb.org/movie/1143183
2023-12-26 14:00:19 INFO 22888|runtime|element not found|NA|El duelo|https://www.themoviedb.org/movie/1189927
2023-12-26 14:01:20 INFO 22888|Retrying...|https://www.themoviedb.org/movie/75780
2023-12-26 14:01:22 INFO 22888|Retrying...|https://www.themoviedb.org/movie/206647
2023-12-26 14:01:23 INFO 22888|Retrying...|https://www.themoviedb.org/movie/82702
2023-12-26 14:01:26 INFO 22888|Retrying...|https://www.themoviedb.org/movie/13673
2023-12-26 14:01:26 INFO 22888|Retrying...|https://www.themoviedb.org/movie/13673
2023-12-26 14:01:26 INFO 22888|Retrying...|https://www.themoviedb.org/movie/13673
2023-12-26 14:01:26 INFO 22888|Retrying...|https://www.themoviedb.org/movie/13673
2023-12-26 14:01:26 INFO 22888|Retrying...|https://www.themoviedb.org/movie/13673
2023-12-26 14:01:26 INFO 22888|Retrying...|https://www.themoviedb.org/movie/13673
2023-12-26 14:01:27 INFO 22888|Retrying...|https://www.themoviedb.org/movie/10191
2023-12-26 14:01:28 INFO 22888|Retrying...|https://www.themoviedb.org/movie/654974
2023-12-26 14:01:29 INFO 22888|Retrying...|https://www.themoviedb.org/movie/804755
2023-12-26 14:01:29 INFO 22888|Retrying...|https://www.themoviedb.org/movie/804755
2023-12-26 14:01:29 INFO 22888|Retrying...|https://www.themoviedb.org/movie/804755
2023-12-26 14:01:29 INFO 22888|Retrying...|https://www.themoviedb.org/movie/804755
2023-12-26 14:01:29 INFO 22888|Retrying...|https://www.themoviedb.org/movie/804755
2023-12-26 14:01:29 INFO 22888|Retrying...|https://www.themoviedb.org/movie/804755
2023-12-26 14:01:30 INFO 22888|Retrying...|https://www.themoviedb.org/movie/18785
2023-12-26 14:01:30 INFO 22888|Retrying...|https://www.themoviedb.org/movie/18785
2023-12-26 14:01:31 INFO 22888|Retrying...|https://www.themoviedb.org/movie/11881
2023-12-26 14:01:31 INFO 22888|Retrying...|https://www.themoviedb.org/movie/11881
2023-12-26 14:01:31 INFO 22888|Retrying...|https://www.themoviedb.org/movie/11881
2023-12-26 14:01:33 INFO 22888|Retrying...|https://www.themoviedb.org/movie/50619
2023-12-26 14:01:33 INFO 22888|Retrying...|https://www.themoviedb.org/movie/50619
2023-12-26 14:01:34 INFO 22888|Retrying...|https://www.themoviedb.org/movie/1726
2023-12-26 14:01:34 INFO 22888|Retrying...|https://www.themoviedb.org/movie/1726
2023-12-26 14:01:34 INFO 22888|Retrying...|https://www.themoviedb.org/movie/1726
2023-12-26 14:01:35 INFO 22888|Retrying...|https://www.themoviedb.org/movie/744275
2023-12-26 14:01:35 INFO 22888|Retrying...|https://www.themoviedb.org/movie/744275
2023-12-26 14:01:35 INFO 22888|Retrying...|https://www.themoviedb.org/movie/744275
2023-12-26 14:01:36 INFO 22888|Retrying...|https://www.themoviedb.org/movie/744275
2023-12-26 14:01:36 INFO 22888|Retrying...|https://www.themoviedb.org/movie/744275
2023-12-26 14:01:36 INFO 22888|Retrying...|https://www.themoviedb.org/movie/744275
2023-12-26 14:01:36 INFO 22888|Retrying...|https://www.themoviedb.org/movie/744275
2023-12-26 14:01:36 INFO 22888|Retrying...|https://www.themoviedb.org/movie/744275
2023-12-26 14:01:37 INFO 22888|Retrying...|https://www.themoviedb.org/movie/489
2023-12-26 14:01:37 INFO 22888|Retrying...|https://www.themoviedb.org/movie/489
2023-12-26 14:01:37 INFO 22888|Retrying...|https://www.themoviedb.org/movie/489
2023-12-26 14:01:38 INFO 22888|Retrying...|https://www.themoviedb.org/movie/1001865
2023-12-26 14:01:39 INFO 22888|Retrying...|https://www.themoviedb.org/movie/78
2023-12-26 14:01:39 INFO 22888|Retrying...|https://www.themoviedb.org/movie/78
2023-12-26 14:01:40 INFO 22888|Retrying...|https://www.themoviedb.org/movie/588228
2023-12-26 14:01:40 INFO 22888|Retrying...|https://www.themoviedb.org/movie/588228
2023-12-26 14:01:40 INFO 22888|Retrying...|https://www.themoviedb.org/movie/588228
2023-12-26 14:01:40 INFO 22888|Retrying...|https://www.themoviedb.org/movie/588228
2023-12-26 14:01:40 INFO 22888|Retrying...|https://www.themoviedb.org/movie/588228
2023-12-26 14:01:40 INFO 22888|Retrying...|https://www.themoviedb.org/movie/588228
2023-12-26 14:01:42 INFO 22888|Retrying...|https://www.themoviedb.org/movie/337167
2023-12-26 14:01:44 INFO 22888|Retrying...|https://www.themoviedb.org/movie/420818
2023-12-26 14:01:44 INFO 22888|Retrying...|https://www.themoviedb.org/movie/420818
2023-12-26 14:01:44 INFO 22888|Retrying...|https://www.themoviedb.org/movie/420818
2023-12-26 14:01:45 INFO 22888|Retrying...|https://www.themoviedb.org/movie/454626
2023-12-26 14:01:45 INFO 22888|Retrying...|https://www.themoviedb.org/movie/454626
2023-12-26 14:01:45 INFO 22888|Retrying...|https://www.themoviedb.org/movie/454626
2023-12-26 14:01:47 INFO 22888|Retrying...|https://www.themoviedb.org/movie/613504
2023-12-26 14:01:48 INFO 22888|Retrying...|https://www.themoviedb.org/movie/613504
2023-12-26 14:01:48 INFO 22888|Retrying...|https://www.themoviedb.org/movie/613504
2023-12-26 14:01:48 INFO 22888|Retrying...|https://www.themoviedb.org/movie/613504
2023-12-26 14:01:48 INFO 22888|Retrying...|https://www.themoviedb.org/movie/603
2023-12-26 14:01:49 INFO 22888|Retrying...|https://www.themoviedb.org/movie/16237
2023-12-26 14:01:49 INFO 22888|Retrying...|https://www.themoviedb.org/movie/16237
2023-12-26 14:01:49 INFO 22888|Retrying...|https://www.themoviedb.org/movie/16237
2023-12-26 14:01:50 INFO 22888|Retrying...|https://www.themoviedb.org/movie/1020006
2023-12-26 14:01:50 INFO 22888|Retrying...|https://www.themoviedb.org/movie/1020006
2023-12-26 14:01:50 INFO 22888|Retrying...|https://www.themoviedb.org/movie/1020006
2023-12-26 14:01:51 INFO 22888|Retrying...|https://www.themoviedb.org/movie/370663
2023-12-26 14:01:52 INFO 22888|Retrying...|https://www.themoviedb.org/movie/557
2023-12-26 14:01:53 INFO 22888|runtime|element not found|NA|Kingdom 3: The Flame of Fate|https://www.themoviedb.org/movie/1061181
2023-12-26 14:01:53 INFO 22888|Retrying...|https://www.themoviedb.org/movie/1034587
2023-12-26 14:01:54 INFO 22888|Retrying...|https://www.themoviedb.org/movie/724495
2023-12-26 14:01:54 INFO 22888|Retrying...|https://www.themoviedb.org/movie/724495
2023-12-26 14:01:55 INFO 22888|Retrying...|https://www.themoviedb.org/movie/2062
2023-12-26 14:01:55 INFO 22888|Retrying...|https://www.themoviedb.org/movie?page=22
2023-12-26 14:01:55 INFO 22888|Retrying...|https://www.themoviedb.org/movie?page=22
2023-12-26 14:01:56 INFO 22888|Retrying...|https://www.themoviedb.org/movie/91314
2023-12-26 14:01:57 INFO 22888|Retrying...|https://www.themoviedb.org/movie/28468
2023-12-26 14:01:57 INFO 22888|Retrying...|https://www.themoviedb.org/movie/28468
2023-12-26 14:01:58 INFO 22888|Retrying...|https://www.themoviedb.org/movie/818511
2023-12-26 14:01:58 INFO 22888|Retrying...|https://www.themoviedb.org/movie/818511
2023-12-26 14:01:58 INFO 22888|Retrying...|https://www.themoviedb.org/movie/818511
2023-12-26 14:01:58 INFO 22888|Retrying...|https://www.themoviedb.org/movie/818511
2023-12-26 14:01:59 INFO 22888|Retrying...|https://www.themoviedb.org/movie/457332
2023-12-26 14:01:59 INFO 22888|Retrying...|https://www.themoviedb.org/movie/457332
2023-12-26 14:01:59 INFO 22888|Retrying...|https://www.themoviedb.org/movie/457332
2023-12-26 14:01:59 INFO 22888|Retrying...|https://www.themoviedb.org/movie/457332
2023-12-26 14:01:59 INFO 22888|Retrying...|https://www.themoviedb.org/movie/457332
2023-12-26 14:02:00 INFO 22888|Retrying...|https://www.themoviedb.org/movie/614479
2023-12-26 14:02:00 INFO 22888|Retrying...|https://www.themoviedb.org/movie/614479
2023-12-26 14:02:02 INFO 22888|Retrying...|https://www.themoviedb.org/movie/284052
2023-12-26 14:02:02 INFO 22888|Retrying...|https://www.themoviedb.org/movie/284052
2023-12-26 14:02:03 INFO 22888|Retrying...|https://www.themoviedb.org/movie/284052
2023-12-26 14:02:03 INFO 22888|Retrying...|https://www.themoviedb.org/movie/284052
2023-12-26 14:02:03 INFO 22888|Retrying...|https://www.themoviedb.org/movie/284052
2023-12-26 14:02:04 INFO 22888|Retrying...|https://www.themoviedb.org/movie/842169
2023-12-26 14:02:05 INFO 22888|Retrying...|https://www.themoviedb.org/movie/1062482
2023-12-26 14:02:05 INFO 22888|Retrying...|https://www.themoviedb.org/movie/13188
2023-12-26 14:02:06 INFO 22888|Retrying...|https://www.themoviedb.org/movie/13188
2023-12-26 14:02:06 INFO 22888|Retrying...|https://www.themoviedb.org/movie/13188
2023-12-26 14:02:06 INFO 22888|Retrying...|https://www.themoviedb.org/movie/13188
2023-12-26 14:02:06 INFO 22888|Retrying...|https://www.themoviedb.org/movie/348893
2023-12-26 14:02:07 INFO 22888|Retrying...|https://www.themoviedb.org/movie/253935
2023-12-26 14:02:07 INFO 22888|Retrying...|https://www.themoviedb.org/movie/253935
2023-12-26 14:02:08 INFO 22888|Retrying...|https://www.themoviedb.org/movie/680
2023-12-26 14:02:10 INFO 22888|Retrying...|https://www.themoviedb.org/movie/736526
2023-12-26 14:02:10 INFO 22888|Retrying...|https://www.themoviedb.org/movie/736526
2023-12-26 14:02:10 INFO 22888|Retrying...|https://www.themoviedb.org/movie/73723
2023-12-26 14:02:11 INFO 22888|Retrying...|https://www.themoviedb.org/movie?page=23
2023-12-26 14:02:11 INFO 22888|Retrying...|https://www.themoviedb.org/movie?page=23
2023-12-26 14:02:11 INFO 22888|Retrying...|https://www.themoviedb.org/movie?page=23
2023-12-26 14:02:11 INFO 22888|Retrying...|https://www.themoviedb.org/movie?page=23
2023-12-26 14:02:11 INFO 22888|Retrying...|https://www.themoviedb.org/movie?page=23
2023-12-26 14:02:12 INFO 22888|Retrying...|https://www.themoviedb.org/movie/769
2023-12-26 14:02:13 INFO 22888|Retrying...|https://www.themoviedb.org/movie/50620
2023-12-26 14:02:14 INFO 22888|Retrying...|https://www.themoviedb.org/movie/50620
2023-12-26 14:02:14 INFO 22888|Retrying...|https://www.themoviedb.org/movie/50620
2023-12-26 14:02:14 INFO 22888|Retrying...|https://www.themoviedb.org/movie/50620
2023-12-26 14:02:14 INFO 22888|Retrying...|https://www.themoviedb.org/movie/50620
2023-12-26 14:02:14 INFO 22888|Retrying...|https://www.themoviedb.org/movie/50620
2023-12-26 14:02:15 INFO 22888|Retrying...|https://www.themoviedb.org/movie/10192
2023-12-26 14:02:15 INFO 22888|Retrying...|https://www.themoviedb.org/movie/10192
2023-12-26 14:02:15 INFO 22888|Retrying...|https://www.themoviedb.org/movie/10192
2023-12-26 14:02:15 INFO 22888|Retrying...|https://www.themoviedb.org/movie/10192
2023-12-26 14:02:17 INFO 22888|Retrying...|https://www.themoviedb.org/movie/550
2023-12-26 14:02:17 INFO 22888|Retrying...|https://www.themoviedb.org/movie/550
2023-12-26 14:02:17 INFO 22888|Retrying...|https://www.themoviedb.org/movie/550
2023-12-26 14:02:18 INFO 22888|Retrying...|https://www.themoviedb.org/movie/68726
2023-12-26 14:02:18 INFO 22888|Retrying...|https://www.themoviedb.org/movie/68726
2023-12-26 14:02:18 INFO 22888|Retrying...|https://www.themoviedb.org/movie/68726
2023-12-26 14:02:19 INFO 22888|Retrying...|https://www.themoviedb.org/movie/718930
2023-12-26 14:02:19 INFO 22888|Retrying...|https://www.themoviedb.org/movie/718930
2023-12-26 14:02:19 INFO 22888|Retrying...|https://www.themoviedb.org/movie/718930
2023-12-26 14:02:19 INFO 22888|Retrying...|https://www.themoviedb.org/movie/718930
2023-12-26 14:02:20 INFO 22888|Retrying...|https://www.themoviedb.org/movie/718930
2023-12-26 14:02:20 INFO 22888|Retrying...|https://www.themoviedb.org/movie/508943
2023-12-26 14:02:20 INFO 22888|Retrying...|https://www.themoviedb.org/movie/508943
2023-12-26 14:02:20 INFO 22888|Retrying...|https://www.themoviedb.org/movie/508943
2023-12-26 14:02:21 INFO 22888|Retrying...|https://www.themoviedb.org/movie/481848
2023-12-26 14:02:22 INFO 22888|Retrying...|https://www.themoviedb.org/movie/646389
2023-12-26 14:02:24 INFO 22888|Retrying...|https://www.themoviedb.org/movie/299537
2023-12-26 14:02:25 INFO 22888|Retrying...|https://www.themoviedb.org/movie/24021
2023-12-26 14:02:25 INFO 22888|Retrying...|https://www.themoviedb.org/movie/24021
2023-12-26 14:02:25 INFO 22888|Retrying...|https://www.themoviedb.org/movie/24021
2023-12-26 14:02:26 INFO 22888|Retrying...|https://www.themoviedb.org/movie/800158
2023-12-26 14:02:26 INFO 22888|Retrying...|https://www.themoviedb.org/movie/800158
2023-12-26 14:02:26 INFO 22888|Retrying...|https://www.themoviedb.org/movie/800158
2023-12-26 14:04:21 INFO 22888|runtime|element not found|NA|Poseído|https://www.themoviedb.org/movie/513776
2023-12-26 14:05:23 INFO 22888|runtime|element not found|NA|Rick and Morty: The Great Yokai Battle of Akihabara|https://www.themoviedb.org/movie/1164486
2023-12-26 14:05:27 INFO 22888|runtime|element not found|NA|R.A.D.A.R.: The Adventures of the Bionic Dog|https://www.themoviedb.org/movie/1116410
2023-12-26 14:05:59 INFO 22888|Retrying...|https://www.themoviedb.org/movie/882598
2023-12-26 14:05:59 INFO 22888|Retrying...|https://www.themoviedb.org/movie/882598
2023-12-26 14:05:59 INFO 22888|Retrying...|https://www.themoviedb.org/movie/882598
2023-12-26 14:06:00 INFO 22888|Retrying...|https://www.themoviedb.org/movie/61979
2023-12-26 14:06:01 INFO 22888|Retrying...|https://www.themoviedb.org/movie/109418
2023-12-26 14:06:01 INFO 22888|Retrying...|https://www.themoviedb.org/movie/28676
2023-12-26 14:06:02 INFO 22888|Retrying...|https://www.themoviedb.org/movie/28676
2023-12-26 14:06:02 INFO 22888|Retrying...|https://www.themoviedb.org/movie/28676
2023-12-26 14:06:02 INFO 22888|Retrying...|https://www.themoviedb.org/movie/28676
2023-12-26 14:06:02 INFO 22888|Retrying...|https://www.themoviedb.org/movie/28676
2023-12-26 14:06:02 INFO 22888|Retrying...|https://www.themoviedb.org/movie/28676
2023-12-26 14:06:02 INFO 22888|Retrying...|https://www.themoviedb.org/movie/28676
2023-12-26 14:06:02 INFO 22888|Retrying...|https://www.themoviedb.org/movie/28676
2023-12-26 14:06:03 INFO 22888|Retrying...|https://www.themoviedb.org/movie/529203
2023-12-26 14:06:06 INFO 22888|Retrying...|https://www.themoviedb.org/movie/707610
2023-12-26 14:06:06 INFO 22888|Retrying...|https://www.themoviedb.org/movie/707610
2023-12-26 14:06:06 INFO 22888|Retrying...|https://www.themoviedb.org/movie/707610
2023-12-26 14:06:06 INFO 22888|Retrying...|https://www.themoviedb.org/movie/707610
2023-12-26 14:06:07 INFO 22888|Retrying...|https://www.themoviedb.org/movie?page=37
2023-12-26 14:06:07 INFO 22888|Retrying...|https://www.themoviedb.org/movie?page=37
2023-12-26 14:06:08 INFO 22888|Retrying...|https://www.themoviedb.org/movie/638974
2023-12-26 14:06:08 INFO 22888|Retrying...|https://www.themoviedb.org/movie/638974
2023-12-26 14:06:08 INFO 22888|Retrying...|https://www.themoviedb.org/movie/638974
2023-12-26 14:06:09 INFO 22888|Retrying...|https://www.themoviedb.org/movie/39108
2023-12-26 14:06:10 INFO 22888|Retrying...|https://www.themoviedb.org/movie/218
2023-12-26 14:06:10 INFO 22888|Retrying...|https://www.themoviedb.org/movie/979275
2023-12-26 14:06:10 INFO 22888|Retrying...|https://www.themoviedb.org/movie/979275
2023-12-26 14:06:11 INFO 22888|Retrying...|https://www.themoviedb.org/movie/979275
2023-12-26 14:06:11 INFO 22888|Retrying...|https://www.themoviedb.org/movie/38234
2023-12-26 14:06:13 INFO 22888|Retrying...|https://www.themoviedb.org/movie/752623
2023-12-26 14:06:13 INFO 22888|Retrying...|https://www.themoviedb.org/movie/752623
2023-12-26 14:06:13 INFO 22888|Retrying...|https://www.themoviedb.org/movie/390845
2023-12-26 14:06:14 INFO 22888|Retrying...|https://www.themoviedb.org/movie/390845
2023-12-26 14:06:14 INFO 22888|Retrying...|https://www.themoviedb.org/movie/390845
2023-12-26 14:06:15 INFO 22888|Retrying...|https://www.themoviedb.org/movie/761851
2023-12-26 14:06:16 INFO 22888|Retrying...|https://www.themoviedb.org/movie/875104
2023-12-26 14:06:16 INFO 22888|Retrying...|https://www.themoviedb.org/movie/875104
2023-12-26 14:06:16 INFO 22888|Retrying...|https://www.themoviedb.org/movie/875104
2023-12-26 14:06:17 INFO 22888|Retrying...|https://www.themoviedb.org/movie/555604
2023-12-26 14:06:17 INFO 22888|Retrying...|https://www.themoviedb.org/movie/555604
2023-12-26 14:06:18 INFO 22888|Retrying...|https://www.themoviedb.org/movie/555604
2023-12-26 14:06:18 INFO 22888|Retrying...|https://www.themoviedb.org/movie/555604
2023-12-26 14:06:18 INFO 22888|Retrying...|https://www.themoviedb.org/movie/109439
2023-12-26 14:06:20 INFO 22888|Retrying...|https://www.themoviedb.org/movie/321612
2023-12-26 14:06:20 INFO 22888|Retrying...|https://www.themoviedb.org/movie/321612
2023-12-26 14:06:21 INFO 22888|Retrying...|https://www.themoviedb.org/movie/321612
2023-12-26 14:06:21 INFO 22888|Retrying...|https://www.themoviedb.org/movie/321612
2023-12-26 14:06:21 INFO 22888|Retrying...|https://www.themoviedb.org/movie/321612
2023-12-26 14:06:22 INFO 22888|Retrying...|https://www.themoviedb.org/movie/785084
2023-12-26 14:06:22 INFO 22888|Retrying...|https://www.themoviedb.org/movie/785084
2023-12-26 14:06:22 INFO 22888|Retrying...|https://www.themoviedb.org/movie/785084
2023-12-26 14:06:22 INFO 22888|Retrying...|https://www.themoviedb.org/movie/785084
2023-12-26 14:06:22 INFO 22888|Retrying...|https://www.themoviedb.org/movie/785084
2023-12-26 14:06:22 INFO 22888|Retrying...|https://www.themoviedb.org/movie/785084
2023-12-26 14:06:22 INFO 22888|Retrying...|https://www.themoviedb.org/movie/785084
2023-12-26 14:06:23 INFO 22888|Retrying...|https://www.themoviedb.org/movie/906126
2023-12-26 14:08:33 INFO 22888|runtime|element not found|NA|Haslers|https://www.themoviedb.org/movie/1196660
2023-12-26 14:08:49 INFO 22888|runtime|element not found|NA|Sana Ol Pulubi|https://www.themoviedb.org/movie/1217134
2023-12-26 14:09:42 INFO 22888|runtime|element not found|NA|Me Vuelves Loca|https://www.themoviedb.org/movie/1175306
